# JRE version: OpenJDK Runtime Environment JBR-17.0.8.1+7-1059.3-nomod (17.0.8.1+7) (build 17.0.8.1+7-b1059.3)
# Java VM: OpenJDK 64-Bit Server VM JBR-17.0.8.1+7-1059.3-nomod (17.0.8.1+7-b1059.3, mixed mode, tiered, compressed oops, compressed class ptrs, g1 gc, windows-amd64)
GC Precious Log:
 CPUs: 12 total, 12 available
 Memory: 16110M
 Large Page Support: Disabled
 NUMA Support: Disabled
 Compressed Oops: Enabled (Zero based)
 Heap Region Size: 2M
 Heap Min Capacity: 8M
 Heap Initial Capacity: 252M
 Heap Max Capacity: 4028M
 Pre-touch: Disabled
 Parallel Workers: 10
 Concurrent Workers: 3
 Concurrent Refinement Workers: 10
 Periodic GC: Disabled
Heap:
 garbage-first heap   total 802816K, used 42316K [0x0000000704400000, 0x0000000800000000)
  region size 2048K, 5 young (10240K), 5 survivors (10240K)
 Metaspace       used 35605K, committed 35840K, reserved 1114112K
  class space    used 4612K, committed 4736K, reserved 1048576K
GC Heap History (20 events):
Event: 1.717 GC heap after
{Heap after GC invocations=20 (full 0):
 garbage-first heap   total 802816K, used 20447K [0x0000000704400000, 0x0000000800000000)
  region size 2048K, 1 young (2048K), 1 survivors (2048K)
 Metaspace       used 26219K, committed 26432K, reserved 1114112K
  class space    used 3229K, committed 3328K, reserved 1048576K
}
Event: 29.844 GC heap before
{Heap before GC invocations=20 (full 0):
 garbage-first heap   total 802816K, used 501727K [0x0000000704400000, 0x0000000800000000)
  region size 2048K, 235 young (481280K), 1 survivors (2048K)
 Metaspace       used 34965K, committed 35264K, reserved 1114112K
  class space    used 4539K, committed 4672K, reserved 1048576K
}
Event: 29.851 GC heap after
{Heap after GC invocations=21 (full 0):
 garbage-first heap   total 802816K, used 34100K [0x0000000704400000, 0x0000000800000000)
  region size 2048K, 5 young (10240K), 5 survivors (10240K)
 Metaspace       used 34965K, committed 35264K, reserved 1114112K
  class space    used 4539K, committed 4672K, reserved 1048576K
}
Event: 29.894 GC heap before
{Heap before GC invocations=21 (full 0):
 garbage-first heap   total 802816K, used 505140K [0x0000000704400000, 0x0000000800000000)
  region size 2048K, 235 young (481280K), 5 survivors (10240K)
 Metaspace       used 34967K, committed 35264K, reserved 1114112K
  class space    used 4539K, committed 4672K, reserved 1048576K
}
Event: 29.899 GC heap after
{Heap after GC invocations=22 (full 0):
 garbage-first heap   total 802816K, used 34309K [0x0000000704400000, 0x0000000800000000)
  region size 2048K, 5 young (10240K), 5 survivors (10240K)
 Metaspace       used 34967K, committed 35264K, reserved 1114112K
  class space    used 4539K, committed 4672K, reserved 1048576K
}
Event: 29.936 GC heap before
{Heap before GC invocations=22 (full 0):
 garbage-first heap   total 802816K, used 505349K [0x0000000704400000, 0x0000000800000000)
  region size 2048K, 235 young (481280K), 5 survivors (10240K)
 Metaspace       used 34967K, committed 35264K, reserved 1114112K
  class space    used 4539K, committed 4672K, reserved 1048576K
}
Event: 29.940 GC heap after
{Heap after GC invocations=23 (full 0):
 garbage-first heap   total 802816K, used 34117K [0x0000000704400000, 0x0000000800000000)
  region size 2048K, 5 young (10240K), 5 survivors (10240K)
 Metaspace       used 34967K, committed 35264K, reserved 1114112K
  class space    used 4539K, committed 4672K, reserved 1048576K
}
Event: 31.364 GC heap before
{Heap before GC invocations=23 (full 0):
 garbage-first heap   total 802816K, used 515397K [0x0000000704400000, 0x0000000800000000)
  region size 2048K, 235 young (481280K), 5 survivors (10240K)
 Metaspace       used 35470K, committed 35776K, reserved 1114112K
  class space    used 4609K, committed 4736K, reserved 1048576K
}
Event: 31.368 GC heap after
{Heap after GC invocations=24 (full 0):
 garbage-first heap   total 802816K, used 46573K [0x0000000704400000, 0x0000000800000000)
  region size 2048K, 6 young (12288K), 6 survivors (12288K)
 Metaspace       used 35470K, committed 35776K, reserved 1114112K
  class space    used 4609K, committed 4736K, reserved 1048576K
}
Event: 31.626 GC heap before
{Heap before GC invocations=24 (full 0):
 garbage-first heap   total 802816K, used 513517K [0x0000000704400000, 0x0000000800000000)
  region size 2048K, 235 young (481280K), 6 survivors (12288K)
 Metaspace       used 35508K, committed 35776K, reserved 1114112K
  class space    used 4611K, committed 4736K, reserved 1048576K
}
Event: 31.633 GC heap after
{Heap after GC invocations=25 (full 0):
 garbage-first heap   total 802816K, used 48118K [0x0000000704400000, 0x0000000800000000)
  region size 2048K, 7 young (14336K), 7 survivors (14336K)
 Metaspace       used 35508K, committed 35776K, reserved 1114112K
  class space    used 4611K, committed 4736K, reserved 1048576K
}
Event: 32.210 GC heap before
{Heap before GC invocations=25 (full 0):
 garbage-first heap   total 802816K, used 515062K [0x0000000704400000, 0x0000000800000000)
  region size 2048K, 235 young (481280K), 7 survivors (14336K)
 Metaspace       used 35523K, committed 35776K, reserved 1114112K
  class space    used 4612K, committed 4736K, reserved 1048576K
}
Event: 32.215 GC heap after
{Heap after GC invocations=26 (full 0):
 garbage-first heap   total 802816K, used 42542K [0x0000000704400000, 0x0000000800000000)
  region size 2048K, 5 young (10240K), 5 survivors (10240K)
 Metaspace       used 35523K, committed 35776K, reserved 1114112K
  class space    used 4612K, committed 4736K, reserved 1048576K
}
Event: 34.985 GC heap before
{Heap before GC invocations=26 (full 0):
 garbage-first heap   total 802816K, used 513582K [0x0000000704400000, 0x0000000800000000)
  region size 2048K, 235 young (481280K), 5 survivors (10240K)
 Metaspace       used 35585K, committed 35840K, reserved 1114112K
  class space    used 4612K, committed 4736K, reserved 1048576K
}
Event: 34.990 GC heap after
{Heap after GC invocations=27 (full 0):
 garbage-first heap   total 802816K, used 42221K [0x0000000704400000, 0x0000000800000000)
  region size 2048K, 5 young (10240K), 5 survivors (10240K)
 Metaspace       used 35585K, committed 35840K, reserved 1114112K
  class space    used 4612K, committed 4736K, reserved 1048576K
}
Event: 35.032 GC heap before
{Heap before GC invocations=27 (full 0):
 garbage-first heap   total 802816K, used 513261K [0x0000000704400000, 0x0000000800000000)
  region size 2048K, 235 young (481280K), 5 survivors (10240K)
 Metaspace       used 35585K, committed 35840K, reserved 1114112K
  class space    used 4612K, committed 4736K, reserved 1048576K
}
Event: 35.036 GC heap after
{Heap after GC invocations=28 (full 0):
 garbage-first heap   total 802816K, used 42849K [0x0000000704400000, 0x0000000800000000)
  region size 2048K, 5 young (10240K), 5 survivors (10240K)
 Metaspace       used 35585K, committed 35840K, reserved 1114112K
  class space    used 4612K, committed 4736K, reserved 1048576K
}
Event: 35.068 GC heap before
{Heap before GC invocations=28 (full 0):
 garbage-first heap   total 802816K, used 513889K [0x0000000704400000, 0x0000000800000000)
  region size 2048K, 235 young (481280K), 5 survivors (10240K)
 Metaspace       used 35585K, committed 35840K, reserved 1114112K
  class space    used 4612K, committed 4736K, reserved 1048576K
}
Event: 35.071 GC heap after
{Heap after GC invocations=29 (full 0):
 garbage-first heap   total 802816K, used 42444K [0x0000000704400000, 0x0000000800000000)
  region size 2048K, 5 young (10240K), 5 survivors (10240K)
 Metaspace       used 35585K, committed 35840K, reserved 1114112K
  class space    used 4612K, committed 4736K, reserved 1048576K
}
Event: 38.014 GC heap before
{Heap before GC invocations=29 (full 0):
 garbage-first heap   total 802816K, used 513484K [0x0000000704400000, 0x0000000800000000)
  region size 2048K, 235 young (481280K), 5 survivors (10240K)
 Metaspace       used 35605K, committed 35840K, reserved 1114112K
  class space    used 4612K, committed 4736K, reserved 1048576K
}

