# JRE version: OpenJDK Runtime Environment JBR-17.0.8.1+7-1059.3-nomod (17.0.8.1+7) (build 17.0.8.1+7-b1059.3)
# Java VM: OpenJDK 64-Bit Server VM JBR-17.0.8.1+7-1059.3-nomod (17.0.8.1+7-b1059.3, mixed mode, tiered, compressed oops, compressed class ptrs, g1 gc, windows-amd64)
GC Precious Log:
 CPUs: 12 total, 12 available
 Memory: 16110M
 Large Page Support: Disabled
 NUMA Support: Disabled
 Compressed Oops: Enabled (Zero based)
 Heap Region Size: 2M
 Heap Min Capacity: 8M
 Heap Initial Capacity: 252M
 Heap Max Capacity: 4028M
 Pre-touch: Disabled
 Parallel Workers: 10
 Concurrent Workers: 3
 Concurrent Refinement Workers: 10
 Periodic GC: Disabled
Heap:
 garbage-first heap   total 968704K, used 40989K [0x0000000704400000, 0x0000000800000000)
  region size 2048K, 7 young (14336K), 4 survivors (8192K)
 Metaspace       used 33346K, committed 33664K, reserved 1114112K
  class space    used 4410K, committed 4544K, reserved 1048576K
GC Heap History (20 events):
Event: 1.514 GC heap before
{Heap before GC invocations=18 (full 0):
 garbage-first heap   total 591872K, used 372719K [0x0000000704400000, 0x0000000800000000)
  region size 2048K, 173 young (354304K), 1 survivors (2048K)
 Metaspace       used 25856K, committed 26048K, reserved 1114112K
  class space    used 3182K, committed 3264K, reserved 1048576K
}
Event: 1.515 GC heap after
{Heap after GC invocations=19 (full 0):
 garbage-first heap   total 591872K, used 20423K [0x0000000704400000, 0x0000000800000000)
  region size 2048K, 1 young (2048K), 1 survivors (2048K)
 Metaspace       used 25856K, committed 26048K, reserved 1114112K
  class space    used 3182K, committed 3264K, reserved 1048576K
}
Event: 1.578 GC heap before
{Heap before GC invocations=19 (full 0):
 garbage-first heap   total 591872K, used 372679K [0x0000000704400000, 0x0000000800000000)
  region size 2048K, 173 young (354304K), 1 survivors (2048K)
 Metaspace       used 25999K, committed 26240K, reserved 1114112K
  class space    used 3196K, committed 3328K, reserved 1048576K
}
Event: 1.579 GC heap after
{Heap after GC invocations=20 (full 0):
 garbage-first heap   total 591872K, used 20481K [0x0000000704400000, 0x0000000800000000)
  region size 2048K, 1 young (2048K), 1 survivors (2048K)
 Metaspace       used 25999K, committed 26240K, reserved 1114112K
  class space    used 3196K, committed 3328K, reserved 1048576K
}
Event: 1.739 GC heap before
{Heap before GC invocations=20 (full 0):
 garbage-first heap   total 591872K, used 372737K [0x0000000704400000, 0x0000000800000000)
  region size 2048K, 173 young (354304K), 1 survivors (2048K)
 Metaspace       used 26368K, committed 26560K, reserved 1114112K
  class space    used 3270K, committed 3392K, reserved 1048576K
}
Event: 1.740 GC heap after
{Heap after GC invocations=21 (full 0):
 garbage-first heap   total 591872K, used 20506K [0x0000000704400000, 0x0000000800000000)
  region size 2048K, 1 young (2048K), 1 survivors (2048K)
 Metaspace       used 26368K, committed 26560K, reserved 1114112K
  class space    used 3270K, committed 3392K, reserved 1048576K
}
Event: 1.818 GC heap before
{Heap before GC invocations=21 (full 0):
 garbage-first heap   total 591872K, used 372762K [0x0000000704400000, 0x0000000800000000)
  region size 2048K, 173 young (354304K), 1 survivors (2048K)
 Metaspace       used 26765K, committed 27008K, reserved 1114112K
  class space    used 3340K, committed 3456K, reserved 1048576K
}
Event: 1.819 GC heap after
{Heap after GC invocations=22 (full 0):
 garbage-first heap   total 591872K, used 20596K [0x0000000704400000, 0x0000000800000000)
  region size 2048K, 1 young (2048K), 1 survivors (2048K)
 Metaspace       used 26765K, committed 27008K, reserved 1114112K
  class space    used 3340K, committed 3456K, reserved 1048576K
}
Event: 4.393 GC heap before
{Heap before GC invocations=22 (full 0):
 garbage-first heap   total 591872K, used 383092K [0x0000000704400000, 0x0000000800000000)
  region size 2048K, 173 young (354304K), 1 survivors (2048K)
 Metaspace       used 33029K, committed 33280K, reserved 1114112K
  class space    used 4404K, committed 4544K, reserved 1048576K
}
Event: 4.397 GC heap after
{Heap after GC invocations=23 (full 0):
 garbage-first heap   total 591872K, used 35569K [0x0000000704400000, 0x0000000800000000)
  region size 2048K, 3 young (6144K), 3 survivors (6144K)
 Metaspace       used 33029K, committed 33280K, reserved 1114112K
  class space    used 4404K, committed 4544K, reserved 1048576K
}
Event: 4.425 GC heap before
{Heap before GC invocations=23 (full 0):
 garbage-first heap   total 591872K, used 383729K [0x0000000704400000, 0x0000000800000000)
  region size 2048K, 173 young (354304K), 3 survivors (6144K)
 Metaspace       used 33080K, committed 33344K, reserved 1114112K
  class space    used 4406K, committed 4544K, reserved 1048576K
}
Event: 4.428 GC heap after
{Heap after GC invocations=24 (full 0):
 garbage-first heap   total 591872K, used 35256K [0x0000000704400000, 0x0000000800000000)
  region size 2048K, 3 young (6144K), 3 survivors (6144K)
 Metaspace       used 33080K, committed 33344K, reserved 1114112K
  class space    used 4406K, committed 4544K, reserved 1048576K
}
Event: 4.643 GC heap before
{Heap before GC invocations=24 (full 0):
 garbage-first heap   total 591872K, used 383416K [0x0000000704400000, 0x0000000800000000)
  region size 2048K, 173 young (354304K), 3 survivors (6144K)
 Metaspace       used 33091K, committed 33344K, reserved 1114112K
  class space    used 4406K, committed 4544K, reserved 1048576K
}
Event: 4.649 GC heap after
{Heap after GC invocations=25 (full 0):
 garbage-first heap   total 968704K, used 36682K [0x0000000704400000, 0x0000000800000000)
  region size 2048K, 3 young (6144K), 3 survivors (6144K)
 Metaspace       used 33091K, committed 33344K, reserved 1114112K
  class space    used 4406K, committed 4544K, reserved 1048576K
}
Event: 5.294 GC heap before
{Heap before GC invocations=25 (full 0):
 garbage-first heap   total 968704K, used 610122K [0x0000000704400000, 0x0000000800000000)
  region size 2048K, 283 young (579584K), 3 survivors (6144K)
 Metaspace       used 33192K, committed 33472K, reserved 1114112K
  class space    used 4406K, committed 4544K, reserved 1048576K
}
Event: 5.305 GC heap after
{Heap after GC invocations=26 (full 0):
 garbage-first heap   total 968704K, used 37021K [0x0000000704400000, 0x0000000800000000)
  region size 2048K, 4 young (8192K), 4 survivors (8192K)
 Metaspace       used 33192K, committed 33472K, reserved 1114112K
  class space    used 4406K, committed 4544K, reserved 1048576K
}
Event: 5.567 GC heap before
{Heap before GC invocations=26 (full 0):
 garbage-first heap   total 968704K, used 608413K [0x0000000704400000, 0x0000000800000000)
  region size 2048K, 283 young (579584K), 4 survivors (8192K)
 Metaspace       used 33218K, committed 33472K, reserved 1114112K
  class space    used 4407K, committed 4544K, reserved 1048576K
}
Event: 5.589 GC heap after
{Heap after GC invocations=27 (full 0):
 garbage-first heap   total 968704K, used 36859K [0x0000000704400000, 0x0000000800000000)
  region size 2048K, 4 young (8192K), 4 survivors (8192K)
 Metaspace       used 33218K, committed 33472K, reserved 1114112K
  class space    used 4407K, committed 4544K, reserved 1048576K
}
Event: 5.777 GC heap before
{Heap before GC invocations=27 (full 0):
 garbage-first heap   total 968704K, used 608251K [0x0000000704400000, 0x0000000800000000)
  region size 2048K, 283 young (579584K), 4 survivors (8192K)
 Metaspace       used 33246K, committed 33472K, reserved 1114112K
  class space    used 4410K, committed 4544K, reserved 1048576K
}
Event: 5.781 GC heap after
{Heap after GC invocations=28 (full 0):
 garbage-first heap   total 968704K, used 36893K [0x0000000704400000, 0x0000000800000000)
  region size 2048K, 4 young (8192K), 4 survivors (8192K)
 Metaspace       used 33246K, committed 33472K, reserved 1114112K
  class space    used 4410K, committed 4544K, reserved 1048576K
}

