# JRE version: OpenJDK Runtime Environment JBR-17.0.8.1+7-1059.3-nomod (17.0.8.1+7) (build 17.0.8.1+7-b1059.3)
# Java VM: OpenJDK 64-Bit Server VM JBR-17.0.8.1+7-1059.3-nomod (17.0.8.1+7-b1059.3, mixed mode, tiered, compressed oops, compressed class ptrs, g1 gc, windows-amd64)
GC Precious Log:
 CPUs: 12 total, 12 available
 Memory: 16110M
 Large Page Support: Disabled
 NUMA Support: Disabled
 Compressed Oops: Enabled (Zero based)
 Heap Region Size: 2M
 Heap Min Capacity: 8M
 Heap Initial Capacity: 252M
 Heap Max Capacity: 4028M
 Pre-touch: Disabled
 Parallel Workers: 10
 Concurrent Workers: 3
 Concurrent Refinement Workers: 10
 Periodic GC: Disabled
Heap:
 garbage-first heap   total 1165312K, used 163233K [0x0000000704400000, 0x0000000800000000)
  region size 2048K, 63 young (129024K), 1 survivors (2048K)
 Metaspace       used 34199K, committed 34432K, reserved 1114112K
  class space    used 4424K, committed 4544K, reserved 1048576K
GC Heap History (20 events):
Event: 42.691 GC heap before
{Heap before GC invocations=203 (full 0):
 garbage-first heap   total 1165312K, used 734383K [0x0000000704400000, 0x0000000800000000)
  region size 2048K, 341 young (698368K), 1 survivors (2048K)
 Metaspace       used 34023K, committed 34304K, reserved 1114112K
  class space    used 4423K, committed 4544K, reserved 1048576K
}
Event: 42.692 GC heap after
{Heap after GC invocations=204 (full 0):
 garbage-first heap   total 1165312K, used 38061K [0x0000000704400000, 0x0000000800000000)
  region size 2048K, 1 young (2048K), 1 survivors (2048K)
 Metaspace       used 34023K, committed 34304K, reserved 1114112K
  class space    used 4423K, committed 4544K, reserved 1048576K
}
Event: 50.384 GC heap before
{Heap before GC invocations=204 (full 0):
 garbage-first heap   total 1165312K, used 734381K [0x0000000704400000, 0x0000000800000000)
  region size 2048K, 341 young (698368K), 1 survivors (2048K)
 Metaspace       used 34127K, committed 34368K, reserved 1114112K
  class space    used 4424K, committed 4544K, reserved 1048576K
}
Event: 50.386 GC heap after
{Heap after GC invocations=205 (full 0):
 garbage-first heap   total 1165312K, used 38218K [0x0000000704400000, 0x0000000800000000)
  region size 2048K, 1 young (2048K), 1 survivors (2048K)
 Metaspace       used 34127K, committed 34368K, reserved 1114112K
  class space    used 4424K, committed 4544K, reserved 1048576K
}
Event: 50.615 GC heap before
{Heap before GC invocations=205 (full 0):
 garbage-first heap   total 1165312K, used 734538K [0x0000000704400000, 0x0000000800000000)
  region size 2048K, 341 young (698368K), 1 survivors (2048K)
 Metaspace       used 34127K, committed 34368K, reserved 1114112K
  class space    used 4424K, committed 4544K, reserved 1048576K
}
Event: 50.616 GC heap after
{Heap after GC invocations=206 (full 0):
 garbage-first heap   total 1165312K, used 38211K [0x0000000704400000, 0x0000000800000000)
  region size 2048K, 1 young (2048K), 1 survivors (2048K)
 Metaspace       used 34127K, committed 34368K, reserved 1114112K
  class space    used 4424K, committed 4544K, reserved 1048576K
}
Event: 50.798 GC heap before
{Heap before GC invocations=206 (full 0):
 garbage-first heap   total 1165312K, used 734531K [0x0000000704400000, 0x0000000800000000)
  region size 2048K, 341 young (698368K), 1 survivors (2048K)
 Metaspace       used 34147K, committed 34432K, reserved 1114112K
  class space    used 4424K, committed 4544K, reserved 1048576K
}
Event: 50.799 GC heap after
{Heap after GC invocations=207 (full 0):
 garbage-first heap   total 1165312K, used 38224K [0x0000000704400000, 0x0000000800000000)
  region size 2048K, 1 young (2048K), 1 survivors (2048K)
 Metaspace       used 34147K, committed 34432K, reserved 1114112K
  class space    used 4424K, committed 4544K, reserved 1048576K
}
Event: 51.052 GC heap before
{Heap before GC invocations=207 (full 0):
 garbage-first heap   total 1165312K, used 734544K [0x0000000704400000, 0x0000000800000000)
  region size 2048K, 341 young (698368K), 1 survivors (2048K)
 Metaspace       used 34147K, committed 34432K, reserved 1114112K
  class space    used 4424K, committed 4544K, reserved 1048576K
}
Event: 51.059 GC heap after
{Heap after GC invocations=208 (full 0):
 garbage-first heap   total 1165312K, used 38233K [0x0000000704400000, 0x0000000800000000)
  region size 2048K, 1 young (2048K), 1 survivors (2048K)
 Metaspace       used 34147K, committed 34432K, reserved 1114112K
  class space    used 4424K, committed 4544K, reserved 1048576K
}
Event: 51.428 GC heap before
{Heap before GC invocations=208 (full 0):
 garbage-first heap   total 1165312K, used 734553K [0x0000000704400000, 0x0000000800000000)
  region size 2048K, 341 young (698368K), 1 survivors (2048K)
 Metaspace       used 34163K, committed 34432K, reserved 1114112K
  class space    used 4424K, committed 4544K, reserved 1048576K
}
Event: 51.429 GC heap after
{Heap after GC invocations=209 (full 0):
 garbage-first heap   total 1165312K, used 38237K [0x0000000704400000, 0x0000000800000000)
  region size 2048K, 1 young (2048K), 1 survivors (2048K)
 Metaspace       used 34163K, committed 34432K, reserved 1114112K
  class space    used 4424K, committed 4544K, reserved 1048576K
}
Event: 51.515 GC heap before
{Heap before GC invocations=209 (full 0):
 garbage-first heap   total 1165312K, used 734557K [0x0000000704400000, 0x0000000800000000)
  region size 2048K, 341 young (698368K), 1 survivors (2048K)
 Metaspace       used 34163K, committed 34432K, reserved 1114112K
  class space    used 4424K, committed 4544K, reserved 1048576K
}
Event: 51.516 GC heap after
{Heap after GC invocations=210 (full 0):
 garbage-first heap   total 1165312K, used 38240K [0x0000000704400000, 0x0000000800000000)
  region size 2048K, 1 young (2048K), 1 survivors (2048K)
 Metaspace       used 34163K, committed 34432K, reserved 1114112K
  class space    used 4424K, committed 4544K, reserved 1048576K
}
Event: 51.789 GC heap before
{Heap before GC invocations=210 (full 0):
 garbage-first heap   total 1165312K, used 734560K [0x0000000704400000, 0x0000000800000000)
  region size 2048K, 341 young (698368K), 1 survivors (2048K)
 Metaspace       used 34179K, committed 34432K, reserved 1114112K
  class space    used 4424K, committed 4544K, reserved 1048576K
}
Event: 51.790 GC heap after
{Heap after GC invocations=211 (full 0):
 garbage-first heap   total 1165312K, used 38245K [0x0000000704400000, 0x0000000800000000)
  region size 2048K, 1 young (2048K), 1 survivors (2048K)
 Metaspace       used 34179K, committed 34432K, reserved 1114112K
  class space    used 4424K, committed 4544K, reserved 1048576K
}
Event: 51.886 GC heap before
{Heap before GC invocations=211 (full 0):
 garbage-first heap   total 1165312K, used 734565K [0x0000000704400000, 0x0000000800000000)
  region size 2048K, 341 young (698368K), 1 survivors (2048K)
 Metaspace       used 34182K, committed 34432K, reserved 1114112K
  class space    used 4424K, committed 4544K, reserved 1048576K
}
Event: 51.888 GC heap after
{Heap after GC invocations=212 (full 0):
 garbage-first heap   total 1165312K, used 38247K [0x0000000704400000, 0x0000000800000000)
  region size 2048K, 1 young (2048K), 1 survivors (2048K)
 Metaspace       used 34182K, committed 34432K, reserved 1114112K
  class space    used 4424K, committed 4544K, reserved 1048576K
}
Event: 52.101 GC heap before
{Heap before GC invocations=212 (full 0):
 garbage-first heap   total 1165312K, used 734567K [0x0000000704400000, 0x0000000800000000)
  region size 2048K, 341 young (698368K), 1 survivors (2048K)
 Metaspace       used 34199K, committed 34432K, reserved 1114112K
  class space    used 4424K, committed 4544K, reserved 1048576K
}
Event: 52.102 GC heap after
{Heap after GC invocations=213 (full 0):
 garbage-first heap   total 1165312K, used 38305K [0x0000000704400000, 0x0000000800000000)
  region size 2048K, 1 young (2048K), 1 survivors (2048K)
 Metaspace       used 34199K, committed 34432K, reserved 1114112K
  class space    used 4424K, committed 4544K, reserved 1048576K
}

