# JRE version: Java(TM) SE Runtime Environment (17.0.10+11) (build 17.0.10+11-LTS-240)
# Java VM: Java HotSpot(TM) 64-Bit Server VM (17.0.10+11-LTS-240, mixed mode, sharing, tiered, compressed oops, compressed class ptrs, g1 gc, windows-amd64)
GC Precious Log:
 CPUs: 12 total, 12 available
 Memory: 16251M
 Large Page Support: Disabled
 NUMA Support: Disabled
 Compressed Oops: Enabled (Zero based)
 Heap Region Size: 2M
 Heap Min Capacity: 8M
 Heap Initial Capacity: 254M
 Heap Max Capacity: 4064M
 Pre-touch: Disabled
 Parallel Workers: 10
 Concurrent Workers: 3
 Concurrent Refinement Workers: 10
 Periodic GC: Disabled
Heap:
 garbage-first heap   total 143360K, used 46366K [0x0000000702000000, 0x0000000800000000)
  region size 2048K, 10 young (20480K), 5 survivors (10240K)
 Metaspace       used 21647K, committed 21952K, reserved 1114112K
  class space    used 3113K, committed 3264K, reserved 1048576K
GC Heap History (6 events):
Event: 0.962 GC heap before
{Heap before GC invocations=0 (full 0):
 garbage-first heap   total 260096K, used 22528K [0x0000000702000000, 0x0000000800000000)
  region size 2048K, 11 young (22528K), 0 survivors (0K)
 Metaspace       used 5169K, committed 5376K, reserved 1114112K
  class space    used 587K, committed 704K, reserved 1048576K
}
Event: 1.001 GC heap after
{Heap after GC invocations=1 (full 0):
 garbage-first heap   total 260096K, used 3746K [0x0000000702000000, 0x0000000800000000)
  region size 2048K, 2 young (4096K), 2 survivors (4096K)
 Metaspace       used 5169K, committed 5376K, reserved 1114112K
  class space    used 587K, committed 704K, reserved 1048576K
}
Event: 2.775 GC heap before
{Heap before GC invocations=1 (full 0):
 garbage-first heap   total 260096K, used 79522K [0x0000000702000000, 0x0000000800000000)
  region size 2048K, 19 young (38912K), 2 survivors (4096K)
 Metaspace       used 13931K, committed 14208K, reserved 1114112K
  class space    used 1774K, committed 1920K, reserved 1048576K
}
Event: 2.782 GC heap after
{Heap after GC invocations=2 (full 0):
 garbage-first heap   total 260096K, used 34692K [0x0000000702000000, 0x0000000800000000)
  region size 2048K, 3 young (6144K), 3 survivors (6144K)
 Metaspace       used 13931K, committed 14208K, reserved 1114112K
  class space    used 1774K, committed 1920K, reserved 1048576K
}
Event: 5.143 GC heap before
{Heap before GC invocations=2 (full 0):
 garbage-first heap   total 260096K, used 96132K [0x0000000702000000, 0x0000000800000000)
  region size 2048K, 22 young (45056K), 3 survivors (6144K)
 Metaspace       used 21215K, committed 21504K, reserved 1114112K
  class space    used 3112K, committed 3264K, reserved 1048576K
}
Event: 5.149 GC heap after
{Heap after GC invocations=3 (full 0):
 garbage-first heap   total 260096K, used 38174K [0x0000000702000000, 0x0000000800000000)
  region size 2048K, 5 young (10240K), 5 survivors (10240K)
 Metaspace       used 21215K, committed 21504K, reserved 1114112K
  class space    used 3112K, committed 3264K, reserved 1048576K
}

